5.5557 	EXP 	Created window1 = Window(allowGUI=True, allowStencil=False, args=UNKNOWN, autoLog=True, bitsMode=UNKNOWN, blendMode='avg', bpc=(8, 8, 8), color=array([-1., -1., -1.]), colorSpace='rgb', depthBits=8, fullscr=<method-wrapper '__getattribute__' of attributeSetter object at 0x13316cd30>, gamma=None, gammaErrorPolicy='raise', kwargs=UNKNOWN, lms=UNKNOWN, monitor=<psychopy.monitors.calibTools.Monitor object at 0x138e01c18>, multiSample=False, name='window1', numSamples=2, pos=[360.0, 225.0], screen=0, size=array([2880, 1800]), stencilBits=0, stereo=False, units='deg', useFBO=True, useRetina=True, viewOri=0.0, viewPos=None, viewScale=None, waitBlanking=True, winType='pyglet')
5.5558 	EXP 	window1: recordFrameIntervals = False
5.7220 	EXP 	window1: recordFrameIntervals = True
5.9055 	EXP 	window1: recordFrameIntervals = False
5.9982 	EXP 	Created text = TextStim(__class__=<class 'psychopy.visual.text.TextStim'>, alignHoriz=method-wrapper(...), alignText='center', alignVert=method-wrapper(...), anchorHoriz='center', anchorVert='center', antialias=True, autoLog=True, bold=False, color='white', colorSpace='named', contrast=1.0, depth=0.0, flipHoriz=False, flipVert=False, font='Arial', fontFiles=[], height=0.05, italic=False, languageStyle='LTR', name='text', opacity=1.0, ori=0, pos=array([0., 0.]), rgb=array([255., 255., 255.]), text='default text', units='deg', win=Window(...), wrapWidth=15.0)
6.0051 	EXP 	window1: mouseVisible = False
6.0072 	EXP 	Created image = ImageStim(__class__=<class 'psychopy.visual.image.ImageStim'>, autoLog=True, color=array([1., 1., 1.]), colorSpace='rgb', contrast=1.0, depth=-1.0, flipHoriz=False, flipVert=False, image='sin', interpolate=True, mask=None, maskParams=None, name='image', opacity=1.0, ori=1.0, pos=array([0., 0.]), size=array([0.5, 0.5]), texRes=128, units='height', win=Window(...))
6.0769 	EXP 	text: text = 'In this task, we will show you a variety of pictures. Please identify the object in the picture as fast as you can with a single word. As soon as you think of the word, say it out loud. For example, if we show you a picture of a boat, you say "BOAT." Some images could have more than one answer. Just say the best answer.\n\n'
6.0769 	EXP 	text: autoDraw = True
7.6455 	EXP 	Imported images.csv as conditions, 48 conditions, 1 params
7.6459 	EXP 	Created sequence: random, trialTypes=48, nReps=1, seed=None
7.6462 	EXP 	New trial (rep=0, index=0): OrderedDict([('stimFile', 'Images/Catclr.jpg')])
7.7108 	DATA 	Keypress: space
7.7226 	EXP 	text: autoDraw = False
7.7226 	EXP 	image: ori = 0
7.7226 	EXP 	image: size = array([0.43777778, 0.62444444])
7.7226 	EXP 	image: image = 'Images/Catclr.jpg'
8.2227 	EXP 	image: autoDraw = True
8.9072 	EXP 	New trial (rep=0, index=1): OrderedDict([('stimFile', 'Images/Pineappleclr.jpg')])
8.9190 	DATA 	Keypress: space
8.9398 	EXP 	image: autoDraw = False
8.9398 	EXP 	image: ori = 0
8.9398 	EXP 	image: size = array([0.43777778, 0.62444444])
8.9398 	EXP 	image: image = 'Images/Pineappleclr.jpg'
9.7725 	EXP 	image: autoDraw = True
10.3904 	EXP 	New trial (rep=0, index=2): OrderedDict([('stimFile', 'Images/Frogclr.jpg')])
10.4043 	DATA 	Keypress: space
10.4233 	EXP 	image: autoDraw = False
10.4233 	EXP 	image: ori = 0
10.4233 	EXP 	image: size = array([0.62444444, 0.43777778])
10.4233 	EXP 	image: image = 'Images/Frogclr.jpg'
11.3900 	EXP 	image: autoDraw = True
11.8087 	DATA 	Keypress: right
15.4423 	DATA 	Keypress: escape
15.5625 	EXP 	window1: mouseVisible = True
