6.4036 	EXP 	Created window1 = Window(allowGUI=True, allowStencil=False, args=UNKNOWN, autoLog=True, bitsMode=UNKNOWN, blendMode='avg', bpc=(8, 8, 8), color=array([-1., -1., -1.]), colorSpace='rgb', depthBits=8, fullscr=<method-wrapper '__getattribute__' of attributeSetter object at 0x133166b38>, gamma=None, gammaErrorPolicy='raise', kwargs=UNKNOWN, lms=UNKNOWN, monitor=<psychopy.monitors.calibTools.Monitor object at 0x13940fa58>, multiSample=False, name='window1', numSamples=2, pos=[360.0, 225.0], screen=0, size=array([2880, 1800]), stencilBits=0, stereo=False, units='deg', useFBO=True, useRetina=True, viewOri=0.0, viewPos=None, viewScale=None, waitBlanking=True, winType='pyglet')
6.4037 	EXP 	window1: recordFrameIntervals = False
6.5690 	EXP 	window1: recordFrameIntervals = True
6.7532 	EXP 	window1: recordFrameIntervals = False
6.8880 	EXP 	Created instruction = TextStim(__class__=<class 'psychopy.visual.text.TextStim'>, alignHoriz=method-wrapper(...), alignText='center', alignVert=method-wrapper(...), anchorHoriz='center', anchorVert='center', antialias=True, autoLog=True, bold=False, color='white', colorSpace='named', contrast=1.0, depth=-1.0, flipHoriz=False, flipVert=False, font='Arial', fontFiles=[], height=0.05, italic=False, languageStyle='LTR', name='instruction', opacity=1.0, ori=0, pos=array([0., 0.]), rgb=array([255., 255., 255.]), text=str(...), units='deg', win=Window(...), wrapWidth=15.0)
6.8996 	EXP 	Created text = TextStim(__class__=<class 'psychopy.visual.text.TextStim'>, alignHoriz=method-wrapper(...), alignText='center', alignVert=method-wrapper(...), anchorHoriz='center', anchorVert='center', antialias=True, autoLog=True, bold=False, color='white', colorSpace='named', contrast=1.0, depth=0.0, flipHoriz=False, flipVert=False, font='Arial', fontFiles=[], height=0.1, italic=False, languageStyle='LTR', name='text', opacity=1.0, ori=0, pos=array([0., 0.]), rgb=array([255., 255., 255.]), text='+', units='deg', win=Window(...), wrapWidth=15.0)
6.9001 	EXP 	window1: mouseVisible = False
6.9563 	EXP 	Sound stimSound set volume 1.000
6.9575 	EXP 	Created text1 = TextStim(__class__=<class 'psychopy.visual.text.TextStim'>, alignHoriz=method-wrapper(...), alignText='center', alignVert=method-wrapper(...), anchorHoriz='center', anchorVert='center', antialias=True, autoLog=True, bold=False, color='white', colorSpace='named', contrast=1.0, depth=-3.0, flipHoriz=False, flipVert=False, font='Arial', fontFiles=[], height=1, italic=False, languageStyle='LTR', name='text1', opacity=1.0, ori=0, pos=array([0., 0.]), rgb=array([255., 255., 255.]), text='', units='deg', win=Window(...), wrapWidth=15.0)
6.9861 	EXP 	instruction: autoDraw = True
10.7863 	DATA 	Keypress: space
10.8037 	EXP 	instruction: autoDraw = False
10.8037 	EXP 	text: autoDraw = True
11.7814 	EXP 	Imported audio.csv as conditions, 32 conditions, 1 params
11.7817 	EXP 	Created sequence: random, trialTypes=32, nReps=1, seed=None
11.7820 	EXP 	New trial (rep=0, index=0): OrderedDict([('stimFile', 'audio/Lightning.wav')])
11.8089 	EXP 	text: autoDraw = False
11.8089 	EXP 	text1: text = ''
12.3380 	EXP 	Sound stimSound started
12.3378 	EXP 	text1: autoDraw = True
12.9405 	DATA 	Keypress: escape
13.2083 	EXP 	window1: mouseVisible = True
