9.4604 	EXP 	Created window1 = Window(allowGUI=True, allowStencil=False, args=UNKNOWN, autoLog=True, bitsMode=UNKNOWN, blendMode='avg', bpc=(8, 8, 8), color=array([-1., -1., -1.]), colorSpace='rgb', depthBits=8, fullscr=<method-wrapper '__getattribute__' of attributeSetter object at 0x133168b00>, gamma=None, gammaErrorPolicy='raise', kwargs=UNKNOWN, lms=UNKNOWN, monitor=<psychopy.monitors.calibTools.Monitor object at 0x1395a1588>, multiSample=False, name='window1', numSamples=2, pos=[360.0, 225.0], screen=0, size=array([2880, 1800]), stencilBits=0, stereo=False, units='deg', useFBO=True, useRetina=True, viewOri=0.0, viewPos=None, viewScale=None, waitBlanking=True, winType='pyglet')
9.4604 	EXP 	window1: recordFrameIntervals = False
9.6266 	EXP 	window1: recordFrameIntervals = True
9.8100 	EXP 	window1: recordFrameIntervals = False
10.0286 	EXP 	Created instruction = TextStim(__class__=<class 'psychopy.visual.text.TextStim'>, alignHoriz=method-wrapper(...), alignText='center', alignVert=method-wrapper(...), anchorHoriz='center', anchorVert='center', antialias=True, autoLog=True, bold=False, color='white', colorSpace='named', contrast=1.0, depth=-1.0, flipHoriz=False, flipVert=False, font='Arial', fontFiles=[], height=0.05, italic=False, languageStyle='LTR', name='instruction', opacity=1.0, ori=0, pos=array([0., 0.]), rgb=array([255., 255., 255.]), text=str(...), units='deg', win=Window(...), wrapWidth=15.0)
10.0431 	EXP 	Created text = TextStim(__class__=<class 'psychopy.visual.text.TextStim'>, alignHoriz=method-wrapper(...), alignText='center', alignVert=method-wrapper(...), anchorHoriz='center', anchorVert='center', antialias=True, autoLog=True, bold=False, color='white', colorSpace='named', contrast=1.0, depth=0.0, flipHoriz=False, flipVert=False, font='Arial', fontFiles=[], height=0.1, italic=False, languageStyle='LTR', name='text', opacity=1.0, ori=0, pos=array([0., 0.]), rgb=array([255., 255., 255.]), text='+', units='deg', win=Window(...), wrapWidth=15.0)
10.0433 	EXP 	window1: mouseVisible = False
10.1041 	EXP 	Sound stimSound set volume 1.000
10.1052 	EXP 	Created text1 = TextStim(__class__=<class 'psychopy.visual.text.TextStim'>, alignHoriz=method-wrapper(...), alignText='center', alignVert=method-wrapper(...), anchorHoriz='center', anchorVert='center', antialias=True, autoLog=True, bold=False, color='white', colorSpace='named', contrast=1.0, depth=-3.0, flipHoriz=False, flipVert=False, font='Arial', fontFiles=[], height=1, italic=False, languageStyle='LTR', name='text1', opacity=1.0, ori=0, pos=array([0., 0.]), rgb=array([255., 255., 255.]), text='', units='deg', win=Window(...), wrapWidth=15.0)
10.1271 	EXP 	instruction: autoDraw = True
11.8708 	DATA 	Keypress: space
11.8932 	EXP 	instruction: autoDraw = False
11.8932 	EXP 	text: autoDraw = True
12.8662 	EXP 	Imported audio.csv as conditions, 32 conditions, 1 params
12.8666 	EXP 	Created sequence: random, trialTypes=32, nReps=1, seed=None
12.8668 	EXP 	New trial (rep=0, index=0): OrderedDict([('stimFile', 'audio/Lightning.wav')])
12.8934 	EXP 	text: autoDraw = False
12.8934 	EXP 	text1: text = ''
13.5772 	EXP 	Sound stimSound started
13.5774 	EXP 	text1: autoDraw = True
14.9945 	EXP 	Sound stimSound reached end of file
15.6968 	DATA 	Keypress: escape
15.9213 	EXP 	window1: mouseVisible = True
