5.6591 	EXP 	Created window1 = Window(allowGUI=True, allowStencil=False, args=UNKNOWN, autoLog=True, bitsMode=UNKNOWN, blendMode='avg', bpc=(8, 8, 8), color=array([-1., -1., -1.]), colorSpace='rgb', depthBits=8, fullscr=<method-wrapper '__getattribute__' of attributeSetter object at 0x13316ea20>, gamma=None, gammaErrorPolicy='raise', kwargs=UNKNOWN, lms=UNKNOWN, monitor=<psychopy.monitors.calibTools.Monitor object at 0x1394964a8>, multiSample=False, name='window1', numSamples=2, pos=[360.0, 225.0], screen=0, size=array([2880, 1800]), stencilBits=0, stereo=False, units='deg', useFBO=True, useRetina=True, viewOri=0.0, viewPos=None, viewScale=None, waitBlanking=True, winType='pyglet')
5.6591 	EXP 	window1: recordFrameIntervals = False
5.8254 	EXP 	window1: recordFrameIntervals = True
6.0090 	EXP 	window1: recordFrameIntervals = False
6.1389 	EXP 	Created instruction = TextStim(__class__=<class 'psychopy.visual.text.TextStim'>, alignHoriz=method-wrapper(...), alignText='center', alignVert=method-wrapper(...), anchorHoriz='center', anchorVert='center', antialias=True, autoLog=True, bold=False, color='white', colorSpace='named', contrast=1.0, depth=0.0, flipHoriz=False, flipVert=False, font='Arial', fontFiles=[], height=0.05, italic=False, languageStyle='LTR', name='instruction', opacity=1.0, ori=0, pos=array([0., 0.]), rgb=array([255., 255., 255.]), text=str(...), units='deg', win=Window(...), wrapWidth=15.0)
6.1536 	EXP 	Created text = TextStim(__class__=<class 'psychopy.visual.text.TextStim'>, alignHoriz=method-wrapper(...), alignText='center', alignVert=method-wrapper(...), anchorHoriz='center', anchorVert='center', antialias=True, autoLog=True, bold=False, color='white', colorSpace='named', contrast=1.0, depth=0.0, flipHoriz=False, flipVert=False, font='Arial', fontFiles=[], height=0.1, italic=False, languageStyle='LTR', name='text', opacity=1.0, ori=0, pos=array([0., 0.]), rgb=array([255., 255., 255.]), text='+', units='deg', win=Window(...), wrapWidth=15.0)
6.1542 	EXP 	window1: mouseVisible = False
6.1644 	EXP 	Created text1 = TextStim(__class__=<class 'psychopy.visual.text.TextStim'>, alignHoriz=method-wrapper(...), alignText='center', alignVert=method-wrapper(...), anchorHoriz='center', anchorVert='center', antialias=True, autoLog=True, bold=False, color='white', colorSpace='named', contrast=1.0, depth=-2.0, flipHoriz=False, flipVert=False, font='Arial', fontFiles=[], height=1, italic=False, languageStyle='LTR', name='text1', opacity=1.0, ori=0, pos=array([0., 0.]), rgb=array([255., 255., 255.]), text='', units='deg', win=Window(...), wrapWidth=15.0)
6.2005 	EXP 	Sound stimSound set volume 1.000
6.2259 	EXP 	instruction: autoDraw = True
6.7212 	DATA 	Keypress: space
6.7429 	EXP 	instruction: autoDraw = False
6.7429 	EXP 	text: autoDraw = True
7.7144 	EXP 	Imported audio.csv as conditions, 32 conditions, 1 params
7.7148 	EXP 	Created sequence: random, trialTypes=32, nReps=1, seed=None
7.7150 	EXP 	New trial (rep=0, index=0): OrderedDict([('stimFile', 'audio/Mechanic.wav')])
7.7427 	EXP 	text: autoDraw = False
7.7427 	EXP 	text1: text = ''
8.4930 	EXP 	Sound stimSound started
8.4930 	EXP 	text1: autoDraw = True
9.7764 	EXP 	Sound stimSound reached end of file
12.6629 	DATA 	Keypress: escape
12.9166 	EXP 	window1: mouseVisible = True
