5.2579 	EXP 	Created window1 = Window(allowGUI=True, allowStencil=False, args=UNKNOWN, autoLog=True, bitsMode=UNKNOWN, blendMode='avg', bpc=(8, 8, 8), color=array([-1., -1., -1.]), colorSpace='rgb', depthBits=8, fullscr=<method-wrapper '__getattribute__' of attributeSetter object at 0x138a5ab70>, gamma=None, gammaErrorPolicy='raise', kwargs=UNKNOWN, lms=UNKNOWN, monitor=<psychopy.monitors.calibTools.Monitor object at 0x138cd77b8>, multiSample=False, name='window1', numSamples=2, pos=[360.0, 225.0], screen=0, size=array([2880, 1800]), stencilBits=0, stereo=False, units='deg', useFBO=True, useRetina=True, viewOri=0.0, viewPos=None, viewScale=None, waitBlanking=True, winType='pyglet')
5.2579 	EXP 	window1: recordFrameIntervals = False
5.4231 	EXP 	window1: recordFrameIntervals = True
5.6067 	EXP 	window1: recordFrameIntervals = False
5.7143 	EXP 	Created text = TextStim(__class__=<class 'psychopy.visual.text.TextStim'>, alignHoriz=method-wrapper(...), alignText='center', alignVert=method-wrapper(...), anchorHoriz='center', anchorVert='center', antialias=True, autoLog=True, bold=False, color='white', colorSpace='named', contrast=1.0, depth=0.0, flipHoriz=False, flipVert=False, font='Arial', fontFiles=[], height=0.05, italic=False, languageStyle='LTR', name='text', opacity=1.0, ori=0, pos=array([0., 0.]), rgb=array([255., 255., 255.]), text='default text', units='deg', win=Window(...), wrapWidth=15.0)
5.7231 	EXP 	window1: mouseVisible = False
5.7256 	EXP 	Created image = ImageStim(__class__=<class 'psychopy.visual.image.ImageStim'>, autoLog=True, color=array([1., 1., 1.]), colorSpace='rgb', contrast=1.0, depth=-1.0, flipHoriz=False, flipVert=False, image='sin', interpolate=True, mask=None, maskParams=None, name='image', opacity=1.0, ori=0.0, pos=array([0., 0.]), size=array([0.5, 0.5]), texRes=128, units='height', win=Window(...))
5.7505 	EXP 	window1: mouseVisible = True
5.1885 	EXP 	Created window1 = Window(allowGUI=True, allowStencil=False, args=UNKNOWN, autoLog=True, bitsMode=UNKNOWN, blendMode='avg', bpc=(8, 8, 8), color=array([-1., -1., -1.]), colorSpace='rgb', depthBits=8, fullscr=<method-wrapper '__getattribute__' of attributeSetter object at 0x135312b00>, gamma=None, gammaErrorPolicy='raise', kwargs=UNKNOWN, lms=UNKNOWN, monitor=<psychopy.monitors.calibTools.Monitor object at 0x138da7748>, multiSample=False, name='window1', numSamples=2, pos=[360.0, 225.0], screen=0, size=array([2880, 1800]), stencilBits=0, stereo=False, units='deg', useFBO=True, useRetina=True, viewOri=0.0, viewPos=None, viewScale=None, waitBlanking=True, winType='pyglet')
5.1885 	EXP 	window1: recordFrameIntervals = False
5.3536 	EXP 	window1: recordFrameIntervals = True
5.5379 	EXP 	window1: recordFrameIntervals = False
5.6460 	EXP 	Created text = TextStim(__class__=<class 'psychopy.visual.text.TextStim'>, alignHoriz=method-wrapper(...), alignText='center', alignVert=method-wrapper(...), anchorHoriz='center', anchorVert='center', antialias=True, autoLog=True, bold=False, color='white', colorSpace='named', contrast=1.0, depth=0.0, flipHoriz=False, flipVert=False, font='Arial', fontFiles=[], height=0.05, italic=False, languageStyle='LTR', name='text', opacity=1.0, ori=0, pos=array([0., 0.]), rgb=array([255., 255., 255.]), text='default text', units='deg', win=Window(...), wrapWidth=15.0)
5.6559 	EXP 	window1: mouseVisible = False
5.6582 	EXP 	Created image = ImageStim(__class__=<class 'psychopy.visual.image.ImageStim'>, autoLog=True, color=array([1., 1., 1.]), colorSpace='rgb', contrast=1.0, depth=-1.0, flipHoriz=False, flipVert=False, image='sin', interpolate=True, mask=None, maskParams=None, name='image', opacity=1.0, ori=0.0, pos=array([0., 0.]), size=array([0.5, 0.5]), texRes=128, units='height', win=Window(...))
5.6800 	EXP 	Created text_2 = TextStim(__class__=<class 'psychopy.visual.text.TextStim'>, alignHoriz=method-wrapper(...), alignText='center', alignVert=method-wrapper(...), anchorHoriz='center', anchorVert='center', antialias=True, autoLog=True, bold=False, color='white', colorSpace='named', contrast=1.0, depth=-3.0, flipHoriz=False, flipVert=False, font='Arial', fontFiles=[], height=0.1, italic=False, languageStyle='LTR', name='text_2', opacity=1.0, ori=0, pos=array([0., 0.]), rgb=array([255., 255., 255.]), text='default text', units='deg', win=Window(...), wrapWidth=15.0)
5.7407 	EXP 	text: text = 'In this task, we will show you a variety of pictures. Please identify the object in the picture as fast as you can with a single word. As soon as you think of the word, say it out loud. For example, if we show you a picture of a boat, you say "BOAT." Some images could have more than one answer. Just say the best answer.\n\n'
5.7407 	EXP 	text: autoDraw = True
6.7467 	EXP 	Imported images.csv as conditions, 48 conditions, 1 params
6.7471 	EXP 	Created sequence: random, trialTypes=48, nReps=1, seed=None
6.7473 	EXP 	New trial (rep=0, index=0): OrderedDict([('stimFile', 'Images/Owlclr.jpg')])
6.8322 	DATA 	Keypress: space
6.8574 	EXP 	text: autoDraw = False
6.8574 	EXP 	image: size = array([0.43777778, 0.62444444])
6.8574 	EXP 	image: image = 'Images/Owlclr.jpg'
6.8574 	EXP 	text_2: text = 'Images/Owlclr.jpg'
6.8574 	EXP 	text_2: autoDraw = True
7.5876 	EXP 	image: autoDraw = True
7.8624 	EXP 	text_2: autoDraw = False
8.2894 	EXP 	New trial (rep=0, index=1): OrderedDict([('stimFile', 'Images/Frogclr.jpg')])
8.3062 	DATA 	Keypress: space
8.3215 	EXP 	image: autoDraw = False
8.3215 	EXP 	text_2: autoDraw = False
8.3215 	EXP 	image: size = array([0.62444444, 0.43777778])
8.3215 	EXP 	image: image = 'Images/Frogclr.jpg'
8.3215 	EXP 	text_2: text = 'Images/Frogclr.jpg'
8.3215 	EXP 	text_2: autoDraw = True
8.9713 	EXP 	image: autoDraw = True
9.3211 	EXP 	text_2: autoDraw = False
9.9565 	EXP 	New trial (rep=0, index=2): OrderedDict([('stimFile', 'Images/Roosterclr.jpg')])
9.9726 	DATA 	Keypress: space
9.9891 	EXP 	image: autoDraw = False
9.9891 	EXP 	text_2: autoDraw = False
9.9891 	EXP 	image: size = array([0.43777778, 0.62444444])
9.9891 	EXP 	image: image = 'Images/Roosterclr.jpg'
9.9891 	EXP 	text_2: text = 'Images/Roosterclr.jpg'
9.9891 	EXP 	text_2: autoDraw = True
10.6378 	EXP 	image: autoDraw = True
10.9888 	EXP 	text_2: autoDraw = False
11.9066 	EXP 	New trial (rep=0, index=3): OrderedDict([('stimFile', 'Images/Chairclr.jpg')])
11.9206 	DATA 	Keypress: space
11.9392 	EXP 	image: autoDraw = False
11.9392 	EXP 	text_2: autoDraw = False
11.9392 	EXP 	image: size = array([0.43777778, 0.62444444])
11.9392 	EXP 	image: image = 'Images/Chairclr.jpg'
11.9392 	EXP 	text_2: text = 'Images/Chairclr.jpg'
11.9392 	EXP 	text_2: autoDraw = True
12.5719 	EXP 	image: autoDraw = True
12.7914 	DATA 	Keypress: escape
12.9393 	EXP 	text_2: autoDraw = False
12.9778 	EXP 	window1: mouseVisible = True
