5.3458 	EXP 	Created window1 = Window(allowGUI=True, allowStencil=False, args=UNKNOWN, autoLog=True, bitsMode=UNKNOWN, blendMode='avg', bpc=(8, 8, 8), color=array([-1., -1., -1.]), colorSpace='rgb', depthBits=8, fullscr=<method-wrapper '__getattribute__' of attributeSetter object at 0x1372ddb38>, gamma=None, gammaErrorPolicy='raise', kwargs=UNKNOWN, lms=UNKNOWN, monitor=<psychopy.monitors.calibTools.Monitor object at 0x138d8a2e8>, multiSample=False, name='window1', numSamples=2, pos=[360.0, 225.0], screen=0, size=array([2880, 1800]), stencilBits=0, stereo=False, units='deg', useFBO=True, useRetina=True, viewOri=0.0, viewPos=None, viewScale=None, waitBlanking=True, winType='pyglet')
5.3459 	EXP 	window1: recordFrameIntervals = False
5.5122 	EXP 	window1: recordFrameIntervals = True
5.6949 	EXP 	window1: recordFrameIntervals = False
5.7996 	EXP 	Created text = TextStim(__class__=<class 'psychopy.visual.text.TextStim'>, alignHoriz=method-wrapper(...), alignText='center', alignVert=method-wrapper(...), anchorHoriz='center', anchorVert='center', antialias=True, autoLog=True, bold=False, color='white', colorSpace='named', contrast=1.0, depth=0.0, flipHoriz=False, flipVert=False, font='Arial', fontFiles=[], height=0.05, italic=False, languageStyle='LTR', name='text', opacity=1.0, ori=0, pos=array([0., 0.]), rgb=array([255., 255., 255.]), text='default text', units='deg', win=Window(...), wrapWidth=15.0)
5.8083 	EXP 	window1: mouseVisible = False
5.8107 	EXP 	Created image = ImageStim(__class__=<class 'psychopy.visual.image.ImageStim'>, autoLog=True, color=array([1., 1., 1.]), colorSpace='rgb', contrast=1.0, depth=-1.0, flipHoriz=False, flipVert=False, image='sin', interpolate=True, mask=None, maskParams=None, name='image', opacity=1.0, ori=0.0, pos=array([0., 0.]), size=array([0.5, 0.5]), texRes=128, units='height', win=Window(...))
5.8298 	EXP 	Created text_2 = TextStim(__class__=<class 'psychopy.visual.text.TextStim'>, alignHoriz=method-wrapper(...), alignText='center', alignVert=method-wrapper(...), anchorHoriz='center', anchorVert='center', antialias=True, autoLog=True, bold=False, color='red', colorSpace='named', contrast=1.0, depth=-3.0, flipHoriz=False, flipVert=False, font='Arial', fontFiles=[], height=0.7, italic=False, languageStyle='LTR', name='text_2', opacity=1.0, ori=0, pos=array([0., 0.]), rgb=array([255.,   0.,   0.]), text='default text', units='deg', win=Window(...), wrapWidth=15.0)
5.8953 	EXP 	text: text = 'In this task, we will show you a variety of pictures. Please identify the object in the picture as fast as you can with a single word. As soon as you think of the word, say it out loud. For example, if we show you a picture of a boat, you say "BOAT." Some images could have more than one answer. Just say the best answer.\n\n'
5.8953 	EXP 	text: autoDraw = True
6.4018 	EXP 	Imported images.csv as conditions, 48 conditions, 1 params
6.4021 	EXP 	Created sequence: random, trialTypes=48, nReps=1, seed=None
6.4024 	EXP 	New trial (rep=0, index=0): OrderedDict([('stimFile', 'Images/Catclr.jpg')])
6.4744 	DATA 	Keypress: space
6.4956 	EXP 	text: autoDraw = False
6.4956 	EXP 	image: size = array([0.43777778, 0.62444444])
6.4956 	EXP 	image: image = 'Images/Catclr.jpg'
6.4956 	EXP 	text_2: text = 'Images/Catclr.jpg'
6.4956 	EXP 	text_2: autoDraw = True
7.1487 	EXP 	image: autoDraw = True
7.4958 	EXP 	text_2: autoDraw = False
7.7804 	EXP 	New trial (rep=0, index=1): OrderedDict([('stimFile', 'Images/Lemonclr.jpg')])
7.8030 	DATA 	Keypress: space
7.8126 	EXP 	image: autoDraw = False
7.8126 	EXP 	text_2: autoDraw = False
7.8126 	EXP 	image: size = array([0.62444444, 0.43777778])
7.8126 	EXP 	image: image = 'Images/Lemonclr.jpg'
7.8126 	EXP 	text_2: text = 'Images/Lemonclr.jpg'
7.8126 	EXP 	text_2: autoDraw = True
8.6290 	EXP 	image: autoDraw = True
8.8128 	EXP 	text_2: autoDraw = False
9.1175 	EXP 	New trial (rep=0, index=2): OrderedDict([('stimFile', 'Images/Gorillaclr.jpg')])
9.1332 	DATA 	Keypress: space
9.1492 	EXP 	image: autoDraw = False
9.1492 	EXP 	text_2: autoDraw = False
9.1492 	EXP 	image: size = array([0.43777778, 0.62444444])
9.1492 	EXP 	image: image = 'Images/Gorillaclr.jpg'
9.1492 	EXP 	text_2: text = 'Images/Gorillaclr.jpg'
9.1492 	EXP 	text_2: autoDraw = True
9.8458 	EXP 	image: autoDraw = True
10.0654 	DATA 	Keypress: escape
10.1501 	EXP 	text_2: autoDraw = False
10.1735 	EXP 	window1: mouseVisible = True
